<?xml version="1.0" encoding="UTF-8"?>
<testsuite xmlns:xsi="http://www.w3.org/2001/XMLSchema-instance" xsi:noNamespaceSchemaLocation="https://maven.apache.org/surefire/maven-surefire-plugin/xsd/surefire-test-report-3.0.xsd" version="3.0" name="com.ms.producto_ms.controller.ProductoControllerTest" time="2.621" tests="9" errors="0" skipped="0" failures="0">
  <properties>
[...]
</properties>
  <testcase name="getByIdWhenProductoNotFound" classname="com.ms.producto_ms.controller.ProductoControllerTest" time="2.353">
    <system-err><![CDATA[WARNING: A Java agent has been loaded dynamically (C:\Users\larape\.m2\repository\net\bytebuddy\byte-buddy-agent\1.17.8\byte-buddy-agent-1.17.8.jar)
WARNING: If a serviceability tool is in use, please run with -XX:+EnableDynamicAgentLoading to hide this warning
WARNING: If a serviceability tool is not in use, please run with -Djdk.instrument.traceUsage for more information
WARNING: Dynamic loading of agents will be disallowed by default in a future release
]]></system-err>
  </testcase>
  <testcase name="getAllWhenServiceFails" classname="com.ms.producto_ms.controller.ProductoControllerTest" time="0.006"/>
  <testcase name="saveWhenRequestIsValid" classname="com.ms.producto_ms.controller.ProductoControllerTest" time="0.093"/>
  <testcase name="updateWhenServiceFails" classname="com.ms.producto_ms.controller.ProductoControllerTest" time="0.0"/>
  <testcase name="getByIdWhenProductoExists" classname="com.ms.producto_ms.controller.ProductoControllerTest" time="0.025"/>
  <testcase name="saveWhenServiceFails" classname="com.ms.producto_ms.controller.ProductoControllerTest" time="0.011"/>
  <testcase name="getAllSuccessResponseWhenDataExists" classname="com.ms.producto_ms.controller.ProductoControllerTest" time="0.028"/>
  <testcase name="updateWhenProductoUpdated" classname="com.ms.producto_ms.controller.ProductoControllerTest" time="0.0"/>
  <testcase name="getAllWhenUtilServiceFails" classname="com.ms.producto_ms.controller.ProductoControllerTest" time="0.032">
    <system-out><![CDATA[19:33:31.825 [main] WARN com.ms.producto_ms.controller.ProductoController -- No se pudo convertir la imagen de producto 2: Error imagen
]]></system-out>
  </testcase>
</testsuite>